13-01-2006 12:59:25 DEFAULT Log started
13-01-2006 13:01:25 DEFAULT Log started
13-01-2006 13:02:23 DEFAULT Log started
13-01-2006 13:02:25 DEFAULT Unknown flag: 'quiet1'
13-01-2006 13:02:25 DEFAULT Log closed

13-01-2006 13:03:09 DEFAULT Log started
13-01-2006 13:03:11 DEFAULT 
Cur dir: D:\stuff
13-01-2006 13:03:11 DEFAULT Going to D:\stuff\*
13-01-2006 13:03:11 DEFAULT [D:\stuff\*] Skipping . and ..
13-01-2006 13:03:11 DEFAULT Cereni - Holophonic.mp3 looks like file
13-01-2006 13:03:11 DEFAULT e58aade39dc0e0b627373b58bba18428
13-01-2006 13:03:11 DEFAULT komodo is directory
13-01-2006 13:03:11 DEFAULT PyChart-1.39 is directory
13-01-2006 13:03:11 DEFAULT PyChart-1.39.tar.gz looks like file
13-01-2006 13:03:11 DEFAULT f1f509a1c4623056c8e780bb7c9a05c5
13-01-2006 13:03:11 DEFAULT raptor-0715.zip looks like file
13-01-2006 13:03:18 DEFAULT 0c8bce2d9293ef0078cd4171c9bd8c82
13-01-2006 13:03:18 DEFAULT Going to D:\stuff\komodo\*
13-01-2006 13:03:18 DEFAULT [D:\stuff\komodo\*] Skipping . and ..
13-01-2006 13:03:18 DEFAULT Komodo-Personal-3.1.0-129438.msi looks like file
13-01-2006 13:03:21 DEFAULT f869e2521418b00317022ece9cb95b7f
13-01-2006 13:03:21 DEFAULT S2123F5E5D-KMDO30N-D14C.exe looks like file
13-01-2006 13:03:21 DEFAULT cdbacc59fea4cd2a1401e16205070f89
13-01-2006 13:03:21 DEFAULT Going to D:\stuff\PyChart-1.39\*
13-01-2006 13:03:21 DEFAULT [D:\stuff\PyChart-1.39\*] Skipping . and ..
13-01-2006 13:03:21 DEFAULT build is directory
13-01-2006 13:03:21 DEFAULT COPYING looks like file
13-01-2006 13:03:21 DEFAULT 0636e73ff0215e8d672dc4c32c317bb3
13-01-2006 13:03:21 DEFAULT demos is directory
13-01-2006 13:03:21 DEFAULT doc is directory
13-01-2006 13:03:21 DEFAULT Makefile looks like file
13-01-2006 13:03:21 DEFAULT df896483e3d553f61bfd369f4d5ebc26
13-01-2006 13:03:21 DEFAULT PKG-INFO looks like file
13-01-2006 13:03:21 DEFAULT 072f520e46d277602941a0216eb0c4e2
13-01-2006 13:03:21 DEFAULT pychart is directory
13-01-2006 13:03:21 DEFAULT README looks like file
13-01-2006 13:03:21 DEFAULT d88723a6e26dc80971a96f68e8cf44ee
13-01-2006 13:03:21 DEFAULT setup.py looks like file
13-01-2006 13:03:21 DEFAULT 9da145d68374acd6b63031da986646ea
13-01-2006 13:03:21 DEFAULT Going to D:\stuff\PyChart-1.39\build\*
13-01-2006 13:03:21 DEFAULT [D:\stuff\PyChart-1.39\build\*] Skipping . and ..
13-01-2006 13:03:21 DEFAULT lib is directory
13-01-2006 13:03:21 DEFAULT Going to D:\stuff\PyChart-1.39\demos\*
13-01-2006 13:03:21 DEFAULT [D:\stuff\PyChart-1.39\demos\*] Skipping . and ..
13-01-2006 13:03:21 DEFAULT annotations.py looks like file
13-01-2006 13:03:21 DEFAULT 55b6d6cdd49b50d5367c09acc1a1e5e1
13-01-2006 13:03:21 DEFAULT arrows.py looks like file
13-01-2006 13:03:21 DEFAULT dd0a2be8258d529486db7b905acdf14b
13-01-2006 13:03:21 DEFAULT barline.py looks like file
13-01-2006 13:03:21 DEFAULT e9bf6c0204678b35c2ab41f544e232f8
13-01-2006 13:03:21 DEFAULT bartest.py looks like file
13-01-2006 13:03:21 DEFAULT fc5f18e8f8230ad03fbea1feabc1b717
13-01-2006 13:03:21 DEFAULT bartest2.py looks like file
13-01-2006 13:03:21 DEFAULT 8d2a2bcc63ff70fc836b9851ee1bc936
13-01-2006 13:03:21 DEFAULT bartest3.py looks like file
13-01-2006 13:03:21 DEFAULT 080955b39f0498c9c184470428f2b783
13-01-2006 13:03:21 DEFAULT bartestv.py looks like file
13-01-2006 13:03:21 DEFAULT 33bb033d579f39007b327bfcc180ca4f
13-01-2006 13:03:21 DEFAULT bgtest.py looks like file
13-01-2006 13:03:21 DEFAULT ceec391720b656e9b9d52f55ca5d0352
13-01-2006 13:03:21 DEFAULT categbar.py looks like file
13-01-2006 13:03:21 DEFAULT 91334eb2c1596b678e76a095c402f572
13-01-2006 13:03:21 DEFAULT chartdemo.py looks like file
13-01-2006 13:03:21 DEFAULT 366782402cf48b7217d539fbebbad21c
13-01-2006 13:03:21 DEFAULT cliptest.py looks like file
13-01-2006 13:03:21 DEFAULT d2b0c1eca539db434ba2c84bd504f910
13-01-2006 13:03:21 DEFAULT colors.py looks like file
13-01-2006 13:03:21 DEFAULT 59d3f81161c715930c8776d0276873fe
13-01-2006 13:03:21 DEFAULT comparison.py looks like file
13-01-2006 13:03:21 DEFAULT beab7ddf5a3741275fe6955df533adde
13-01-2006 13:03:21 DEFAULT date.py looks like file
13-01-2006 13:03:21 DEFAULT a23ef9b07d18362143db942ebecd53d8
13-01-2006 13:03:21 DEFAULT double.py looks like file
13-01-2006 13:03:21 DEFAULT 8dd725beef7a002d2d0d21def4bd206c
13-01-2006 13:03:21 DEFAULT errorbars.py looks like file
13-01-2006 13:03:21 DEFAULT 0c07229aa26481b876c998d2998de7b2
13-01-2006 13:03:21 DEFAULT failure.csv looks like file
13-01-2006 13:03:21 DEFAULT 65260cdda170aa510329226c1694c5a1
13-01-2006 13:03:21 DEFAULT failure.py looks like file
13-01-2006 13:03:21 DEFAULT 575c2fd72ad033280a275256c7ccfde2
13-01-2006 13:03:21 DEFAULT failureannot.py looks like file
13-01-2006 13:03:21 DEFAULT 019127c2d5d1587680f63f134ecbf127
13-01-2006 13:03:21 DEFAULT fillstyles.py looks like file
13-01-2006 13:03:21 DEFAULT 2a38fc8606ff63c18ba514de7eacc4e8
13-01-2006 13:03:21 DEFAULT fonttest.py looks like file
13-01-2006 13:03:21 DEFAULT 92c0795503eb564a6482ab09a12349bc
13-01-2006 13:03:21 DEFAULT intvlbartestv.py looks like file
13-01-2006 13:03:21 DEFAULT 8a39ad50602a81e90bd403bcbc098888
13-01-2006 13:03:21 DEFAULT lines.csv looks like file
13-01-2006 13:03:21 DEFAULT 1ae0af4b956202afae007ae0ac5c99d7
13-01-2006 13:03:21 DEFAULT linestyles.py looks like file
13-01-2006 13:03:21 DEFAULT ae731e9cd8ddac966cb74d6410d73207
13-01-2006 13:03:21 DEFAULT linetest.py looks like file
13-01-2006 13:03:21 DEFAULT 07a470cce5125abb9dd16f7bc2fd85d1
13-01-2006 13:03:21 DEFAULT linetest3.py looks like file
13-01-2006 13:03:21 DEFAULT 591dbd8e93f3ec23a73fc24ce9b8e132
13-01-2006 13:03:21 DEFAULT list_sources.py looks like file
13-01-2006 13:03:21 DEFAULT 2d64ca80d8cd37ec5883cc439fe48818
13-01-2006 13:03:21 DEFAULT Makefile looks like file
13-01-2006 13:03:21 DEFAULT dfeb5f6091fa7a1eabec2d5fcbe57b06
13-01-2006 13:03:21 DEFAULT pietest.py looks like file
13-01-2006 13:03:21 DEFAULT 7471db422ba2f8ef412050a5ef325264
13-01-2006 13:03:21 DEFAULT rangetest.py looks like file
13-01-2006 13:03:21 DEFAULT b9074422ac9d375c565eb1b7d94e0384
13-01-2006 13:03:21 DEFAULT recoverycost.py looks like file
13-01-2006 13:03:21 DEFAULT 1b8e2b4a4e9b4d7dafa16d2025e17737
13-01-2006 13:03:21 DEFAULT roseplottest.py looks like file
13-01-2006 13:03:21 DEFAULT 92526c6825cefa47e91616b2bea6fd70
13-01-2006 13:03:21 DEFAULT scattertest.py looks like file
13-01-2006 13:03:21 DEFAULT a61c7f7d7d4d82fde1fff976ca95f60b
13-01-2006 13:03:21 DEFAULT sincos.py looks like file
13-01-2006 13:03:21 DEFAULT 14a8460054b59a8bfe93629df5feb385
13-01-2006 13:03:21 DEFAULT tickmarks.py looks like file
13-01-2006 13:03:21 DEFAULT 85882c2f6db4b74adc29fdb3d41ce31c
13-01-2006 13:03:21 DEFAULT tocsfake.py looks like file
13-01-2006 13:03:21 DEFAULT bfa9cba9f6b07a139611ad738f8249cc
13-01-2006 13:03:21 DEFAULT tocslib.py looks like file
13-01-2006 13:03:21 DEFAULT 2996f109d631bcb359bb0a59cac9d8bd
13-01-2006 13:03:21 DEFAULT tocsscale.py looks like file
13-01-2006 13:03:21 DEFAULT a88e6a97a2dbba243ab863e0ec1d7653
13-01-2006 13:03:21 DEFAULT tocssingle.py looks like file
13-01-2006 13:03:21 DEFAULT 2fcfbe01f2607d46cde4a8c5e2a7c6fc
13-01-2006 13:03:21 DEFAULT tocsskew.py looks like file
13-01-2006 13:03:21 DEFAULT 0ce0ad88116fb7913347bdcd803cec5a
13-01-2006 13:03:21 DEFAULT tocsturbo.py looks like file
13-01-2006 13:03:21 DEFAULT 97d1f162cf0b934e4b60ab1995e3b954
13-01-2006 13:03:21 DEFAULT tocsturbo2.py looks like file
13-01-2006 13:03:21 DEFAULT 014bbe5cb221438b47d86bba5ddbb3c3
13-01-2006 13:03:21 DEFAULT twoaxes.py looks like file
13-01-2006 13:03:21 DEFAULT ab5c88b78a3bec5cbe5954309c114595
13-01-2006 13:03:21 DEFAULT twographs.py looks like file
13-01-2006 13:03:21 DEFAULT 35e5040993678cd5052f90164dac1d3a
13-01-2006 13:03:21 DEFAULT unevenbars.py looks like file
13-01-2006 13:03:21 DEFAULT 34a5b6a7956c2120a2054427fd8ec343
13-01-2006 13:03:21 DEFAULT unicodetest.py looks like file
13-01-2006 13:03:21 DEFAULT 6b9f6533b4193c62e8437938a13c117b
13-01-2006 13:03:21 DEFAULT zaptest.py looks like file
13-01-2006 13:03:21 DEFAULT f4670b5bb60cbded8cc1199fe6c1bbf7
13-01-2006 13:03:21 DEFAULT zaptest2.py looks like file
13-01-2006 13:03:21 DEFAULT 6faaa9d983b05bd4ab028abb836e2e21
13-01-2006 13:03:21 DEFAULT Going to D:\stuff\PyChart-1.39\doc\*
13-01-2006 13:03:21 DEFAULT [D:\stuff\PyChart-1.39\doc\*] Skipping . and ..
13-01-2006 13:03:21 DEFAULT doc.py looks like file
13-01-2006 13:03:21 DEFAULT fc48186d837d17d92fe28abf290ca9af
13-01-2006 13:03:21 DEFAULT examples.py looks like file
13-01-2006 13:03:21 DEFAULT c3f3cc93b04098397dddfb4c8ee0da85
13-01-2006 13:03:21 DEFAULT Makefile looks like file
13-01-2006 13:03:21 DEFAULT 08fe03f968d54f7c608e3cf1c74d1ee1
13-01-2006 13:03:21 DEFAULT markuphtml.py looks like file
13-01-2006 13:03:21 DEFAULT 8dfb77ceac62e2f3f319b7966a5415b8
13-01-2006 13:03:21 DEFAULT README looks like file
13-01-2006 13:03:21 DEFAULT 08bd9b136ba74c5cb254779dfc4e17ea
13-01-2006 13:03:21 DEFAULT template.tex looks like file
13-01-2006 13:03:21 DEFAULT d862b8a556879cfffd4f7ec0be4035f0
13-01-2006 13:03:21 DEFAULT Going to D:\stuff\PyChart-1.39\pychart\*
13-01-2006 13:03:21 DEFAULT [D:\stuff\PyChart-1.39\pychart\*] Skipping . and ..
13-01-2006 13:03:21 DEFAULT afm is directory
13-01-2006 13:03:21 DEFAULT area.py looks like file
13-01-2006 13:03:21 DEFAULT e5c21c56ce584cb7b70eb04173ed42bd
13-01-2006 13:03:21 DEFAULT area_doc.py looks like file
13-01-2006 13:03:21 DEFAULT bb851daf197f3629978883305db0e02a
13-01-2006 13:03:21 DEFAULT arrow.py looks like file
13-01-2006 13:03:21 DEFAULT 860c608b030d881e2904b7bdacdd8dd1
13-01-2006 13:03:21 DEFAULT arrow_doc.py looks like file
13-01-2006 13:03:21 DEFAULT bb851daf197f3629978883305db0e02a
13-01-2006 13:03:21 DEFAULT axis.py looks like file
13-01-2006 13:03:21 DEFAULT d1e7ef25cba965a11936f5261775eb29
13-01-2006 13:03:21 DEFAULT axis_doc.py looks like file
13-01-2006 13:03:21 DEFAULT 297eb447309823c05047ffc8a720cca4
13-01-2006 13:03:21 DEFAULT axis_x_doc.py looks like file
13-01-2006 13:03:21 DEFAULT 4094e0f368b29bc16ee1f4b1089087d6
13-01-2006 13:03:21 DEFAULT axis_y_doc.py looks like file
13-01-2006 13:03:21 DEFAULT ff4638ebb0bdcb6122073137ffe4e78f
13-01-2006 13:03:21 DEFAULT bar_plot.py looks like file
13-01-2006 13:03:21 DEFAULT 88a3c7d015cf8587a69f2f64cecc2649
13-01-2006 13:03:21 DEFAULT bar_plot_doc.py looks like file
13-01-2006 13:03:21 DEFAULT bb851daf197f3629978883305db0e02a
13-01-2006 13:03:21 DEFAULT basecanvas.py looks like file
13-01-2006 13:03:21 DEFAULT 1186fcb808442c434126c9b1836bc4e1
13-01-2006 13:03:21 DEFAULT canvas.py looks like file
13-01-2006 13:03:21 DEFAULT ff8bbfe4efe506451a8ee5c75c10a307
13-01-2006 13:03:21 DEFAULT category_coord.py looks like file
13-01-2006 13:03:21 DEFAULT 27e5b24442390e2d24f6e613cfccea83
13-01-2006 13:03:21 DEFAULT chart_data.py looks like file
13-01-2006 13:03:21 DEFAULT ac779dd112961d52bd8d414bd50aae70
13-01-2006 13:03:21 DEFAULT chart_object.py looks like file
13-01-2006 13:03:21 DEFAULT cb0601bfbbe4233b88da53c6fc6931e6
13-01-2006 13:03:21 DEFAULT color.py looks like file
13-01-2006 13:03:21 DEFAULT e97f1151dc59c5d55d6b023e58d1b818
13-01-2006 13:03:21 DEFAULT color_doc.py looks like file
13-01-2006 13:03:21 DEFAULT bb851daf197f3629978883305db0e02a
13-01-2006 13:03:21 DEFAULT coord.py looks like file
13-01-2006 13:03:21 DEFAULT 051a5147d6aef424440db68c692ef552
13-01-2006 13:03:21 DEFAULT doc_support.py looks like file
13-01-2006 13:03:21 DEFAULT b55882b633ff36239f76763ca203912a
13-01-2006 13:03:21 DEFAULT empty_docs.py looks like file
13-01-2006 13:03:21 DEFAULT 61f4a56987a5b64e747d5484a9b550ba
13-01-2006 13:03:21 DEFAULT error_bar.py looks like file
13-01-2006 13:03:21 DEFAULT 560193d4df8e01355bba65cc334bc26f
13-01-2006 13:03:21 DEFAULT error_bar_doc.py looks like file
13-01-2006 13:03:21 DEFAULT 9d0403548ab2b72cef9ae6dc87fb1cc4
13-01-2006 13:03:21 DEFAULT fill_style.py looks like file
13-01-2006 13:03:21 DEFAULT 093a6051e38fd11565743bdfa2b67d55
13-01-2006 13:03:21 DEFAULT fill_style_doc.py looks like file
13-01-2006 13:03:21 DEFAULT bb851daf197f3629978883305db0e02a
13-01-2006 13:03:21 DEFAULT font.py looks like file
13-01-2006 13:03:21 DEFAULT 224d48a329285d41329fcea3a6d68222
13-01-2006 13:03:21 DEFAULT generate_docs.py looks like file
13-01-2006 13:03:21 DEFAULT 0e7910e1a303d6143b6258f2dcee21fa
13-01-2006 13:03:21 DEFAULT gs_frontend.py looks like file
13-01-2006 13:03:21 DEFAULT fd0ea3084689deee4a0bd1443f264bc6
13-01-2006 13:03:21 DEFAULT interval_bar_plot.py looks like file
13-01-2006 13:03:21 DEFAULT 94b684ef03aa91d16fb3e82aaf818276
13-01-2006 13:03:21 DEFAULT legend.py looks like file
13-01-2006 13:03:21 DEFAULT 5b4c99c77c6c6924967361157dd4e3a9
13-01-2006 13:03:21 DEFAULT legend_doc.py looks like file
13-01-2006 13:03:21 DEFAULT 3454b5c0a67a9d4c25d172adf3198178
13-01-2006 13:03:21 DEFAULT linear_coord.py looks like file
13-01-2006 13:03:21 DEFAULT 1a050097e6ae94b104bba3435e0de884
13-01-2006 13:03:21 DEFAULT line_plot.py looks like file
13-01-2006 13:03:21 DEFAULT e35698ff234c10e5de11e05115d46cfc
13-01-2006 13:03:21 DEFAULT line_plot_doc.py looks like file
13-01-2006 13:03:21 DEFAULT bb851daf197f3629978883305db0e02a
13-01-2006 13:03:21 DEFAULT line_style.py looks like file
13-01-2006 13:03:21 DEFAULT 7f5d0b61c82b74a0eb0dd9449de35c1e
13-01-2006 13:03:21 DEFAULT line_style_doc.py looks like file
13-01-2006 13:03:21 DEFAULT bb851daf197f3629978883305db0e02a
13-01-2006 13:03:21 DEFAULT log_coord.py looks like file
13-01-2006 13:03:21 DEFAULT 5b54dbc1605640213be9ec72552730be
13-01-2006 13:03:21 DEFAULT object_set.py looks like file
13-01-2006 13:03:21 DEFAULT 55e602f8cd967daed3be48d691188817
13-01-2006 13:03:21 DEFAULT pdfcanvas.py looks like file
13-01-2006 13:03:21 DEFAULT c3ecf589e7082f607825177c54679efc
13-01-2006 13:03:21 DEFAULT pie_plot.py looks like file
13-01-2006 13:03:21 DEFAULT d159cee20d34a3eb2323bf7f064fe915
13-01-2006 13:03:21 DEFAULT pie_plot_doc.py looks like file
13-01-2006 13:03:21 DEFAULT bb851daf197f3629978883305db0e02a
13-01-2006 13:03:21 DEFAULT pngcanvas.py looks like file
13-01-2006 13:03:21 DEFAULT 48170795d07679ed2f3f5a0ab555746d
13-01-2006 13:03:21 DEFAULT pscanvas.py looks like file
13-01-2006 13:03:21 DEFAULT f258b1d282b510e1bcdd4c1be397f708
13-01-2006 13:03:21 DEFAULT pychart_types.py looks like file
13-01-2006 13:03:21 DEFAULT 4489a272bcfdf58b12bea880372014e5
13-01-2006 13:03:21 DEFAULT pychart_util.py looks like file
13-01-2006 13:03:21 DEFAULT eb53c12031fa5c9d9446c2f7a57d2257
13-01-2006 13:03:21 DEFAULT range_plot.py looks like file
13-01-2006 13:03:21 DEFAULT b8934426a586bb3cfbf37140463e6ab3
13-01-2006 13:03:21 DEFAULT range_plot_doc.py looks like file
13-01-2006 13:03:21 DEFAULT bb851daf197f3629978883305db0e02a
13-01-2006 13:03:21 DEFAULT rose_plot.py looks like file
13-01-2006 13:03:21 DEFAULT 19deee895a95bc1b1cb755f1d3c93706
13-01-2006 13:03:21 DEFAULT scaling.py looks like file
13-01-2006 13:03:21 DEFAULT 8205941ce4b37ff02076c77c9e65af87
13-01-2006 13:03:21 DEFAULT svgcanvas.py looks like file
13-01-2006 13:03:21 DEFAULT 7e31eb47ff71766cf99818fe7072199a
13-01-2006 13:03:21 DEFAULT text_box.py looks like file
13-01-2006 13:03:21 DEFAULT 8ac52628456439265b29ffc5d8add102
13-01-2006 13:03:21 DEFAULT text_box_doc.py looks like file
13-01-2006 13:03:21 DEFAULT bb851daf197f3629978883305db0e02a
13-01-2006 13:03:21 DEFAULT theme.py looks like file
13-01-2006 13:03:21 DEFAULT 0b2c1b299b40f27954bcf40ae390f287
13-01-2006 13:03:21 DEFAULT tick_mark.py looks like file
13-01-2006 13:03:21 DEFAULT bb092b84ca82bfdc0cbc4c25bdd2b49e
13-01-2006 13:03:21 DEFAULT tick_mark_doc.py looks like file
13-01-2006 13:03:21 DEFAULT bb851daf197f3629978883305db0e02a
13-01-2006 13:03:21 DEFAULT typechecker.py looks like file
13-01-2006 13:03:21 DEFAULT 7a48010f40a3ce5f0e974191c3a4657a
13-01-2006 13:03:21 DEFAULT version.py looks like file
13-01-2006 13:03:21 DEFAULT 043549bed53112b3f1b21a54e380f7d9
13-01-2006 13:03:21 DEFAULT version.pyc looks like file
13-01-2006 13:03:21 DEFAULT 23766cf4dbaaaaab057b077f65c195c7
13-01-2006 13:03:21 DEFAULT x11canvas.py looks like file
13-01-2006 13:03:21 DEFAULT 385a7ab2ec2a0b803069f2867ecae3ee
13-01-2006 13:03:21 DEFAULT zap.py looks like file
13-01-2006 13:03:21 DEFAULT 512e3862d7dff58348dbd77cb02d296e
13-01-2006 13:03:21 DEFAULT __init__.py looks like file
13-01-2006 13:03:21 DEFAULT 8b2b667b6b28a718bd1f0d98c41b12d0
13-01-2006 13:03:21 DEFAULT __init__.pyc looks like file
13-01-2006 13:03:21 DEFAULT df7dfe68a89fed9ffd2ef357324823c2
13-01-2006 13:03:21 DEFAULT Going to D:\stuff\PyChart-1.39\build\lib\*
13-01-2006 13:03:21 DEFAULT [D:\stuff\PyChart-1.39\build\lib\*] Skipping . and ..
13-01-2006 13:03:21 DEFAULT pychart is directory
13-01-2006 13:03:21 DEFAULT Going to D:\stuff\PyChart-1.39\pychart\afm\*
13-01-2006 13:03:21 DEFAULT [D:\stuff\PyChart-1.39\pychart\afm\*] Skipping . and ..
13-01-2006 13:03:21 DEFAULT AvantGarde_Book.py looks like file
13-01-2006 13:03:21 DEFAULT d770b79fc7398f1cafb367923f61d803
13-01-2006 13:03:21 DEFAULT AvantGarde_BookOblique.py looks like file
13-01-2006 13:03:21 DEFAULT 7f3ad759a4ff8955ff13df52292d9576
13-01-2006 13:03:21 DEFAULT AvantGarde_Demi.py looks like file
13-01-2006 13:03:21 DEFAULT 5e6b43b68a36532ec6571eaaba3be8ea
13-01-2006 13:03:21 DEFAULT AvantGarde_DemiOblique.py looks like file
13-01-2006 13:03:21 DEFAULT a4048e860a5dc739b445a7f196ccae87
13-01-2006 13:03:21 DEFAULT Bookman_Demi.py looks like file
13-01-2006 13:03:21 DEFAULT 3840825cfcef7c9835f3de6fdd0ecae3
13-01-2006 13:03:21 DEFAULT Bookman_DemiItalic.py looks like file
13-01-2006 13:03:21 DEFAULT 2f574b96d1a43d126542f1a1829922b2
13-01-2006 13:03:21 DEFAULT Bookman_Light.py looks like file
13-01-2006 13:03:21 DEFAULT b6b56fe90d81be15bf49588a7f4c204c
13-01-2006 13:03:21 DEFAULT Bookman_LightItalic.py looks like file
13-01-2006 13:03:21 DEFAULT c2c7d15f81db6c5d19830815a8b550cb
13-01-2006 13:03:21 DEFAULT Courier.py looks like file
13-01-2006 13:03:21 DEFAULT 998eed94c025b55cf32b5787a6be098b
13-01-2006 13:03:21 DEFAULT Courier_Bold.py looks like file
13-01-2006 13:03:21 DEFAULT 329ee0965585d985accf262b2a4662e3
13-01-2006 13:03:21 DEFAULT Courier_BoldOblique.py looks like file
13-01-2006 13:03:21 DEFAULT 904785ce18d4e74b4cf75b8bc7cbda75
13-01-2006 13:03:21 DEFAULT Courier_Oblique.py looks like file
13-01-2006 13:03:21 DEFAULT 87e6bbf169fa802b1cdbc1ea16e70c20
13-01-2006 13:03:21 DEFAULT dir.py looks like file
13-01-2006 13:03:21 DEFAULT f5b26754fa02afaeb6a36f8e16d8d119
13-01-2006 13:03:21 DEFAULT Helvetica.py looks like file
13-01-2006 13:03:21 DEFAULT fa6ab16b2c346bbbf38f416aea0887d3
13-01-2006 13:03:21 DEFAULT Helvetica_Bold.py looks like file
13-01-2006 13:03:21 DEFAULT c8e1c7f66875d867388e5cef08c03275
13-01-2006 13:03:21 DEFAULT Helvetica_BoldOblique.py looks like file
13-01-2006 13:03:21 DEFAULT f2317959284ca1b8c10bb74e6f325a4c
13-01-2006 13:03:21 DEFAULT Helvetica_Light.py looks like file
13-01-2006 13:03:21 DEFAULT 6952962babb9e3bdefb4e065c031e1ed
13-01-2006 13:03:21 DEFAULT Helvetica_LightOblique.py looks like file
13-01-2006 13:03:21 DEFAULT 3945faa7cffba698b321d7c969509f11
13-01-2006 13:03:21 DEFAULT Helvetica_Narrow.py looks like file
13-01-2006 13:03:21 DEFAULT c2890887fa226e98314f863f1b59d335
13-01-2006 13:03:21 DEFAULT Helvetica_Narrow_Bold.py looks like file
13-01-2006 13:03:21 DEFAULT 6bd389ef10ffdcc4659104187837b2cd
13-01-2006 13:03:21 DEFAULT Helvetica_Narrow_BoldOblique.py looks like file
13-01-2006 13:03:21 DEFAULT f640fc23491a028157478e1d65fb64d5
13-01-2006 13:03:21 DEFAULT Helvetica_Narrow_Oblique.py looks like file
13-01-2006 13:03:21 DEFAULT 7e74027f9eb7148e6a117cd7997bd719
13-01-2006 13:03:21 DEFAULT Helvetica_Oblique.py looks like file
13-01-2006 13:03:21 DEFAULT b0d8f437c3076ebd4b146a7233ec6466
13-01-2006 13:03:21 DEFAULT NewCenturySchlbk_Bold.py looks like file
13-01-2006 13:03:21 DEFAULT f8c5c8090457bbab9aa72c1aacde08f4
13-01-2006 13:03:21 DEFAULT NewCenturySchlbk_BoldItalic.py looks like file
13-01-2006 13:03:21 DEFAULT 5f5fbb9ac85666b3ce68cd960ebd4e2a
13-01-2006 13:03:21 DEFAULT NewCenturySchlbk_Italic.py looks like file
13-01-2006 13:03:21 DEFAULT 8339b8bbe797dcf3190736a0e694bcea
13-01-2006 13:03:21 DEFAULT NewCenturySchlbk_Roman.py looks like file
13-01-2006 13:03:21 DEFAULT aa832334239c0df0a4ef3e5a42c12256
13-01-2006 13:03:21 DEFAULT Palatino_Bold.py looks like file
13-01-2006 13:03:21 DEFAULT 1e2c2411b6674861f686f8ce912ffb72
13-01-2006 13:03:21 DEFAULT Palatino_BoldItalic.py looks like file
13-01-2006 13:03:21 DEFAULT aae11a87bb23916f9d7c1e370ba03b9c
13-01-2006 13:03:21 DEFAULT Palatino_Italic.py looks like file
13-01-2006 13:03:21 DEFAULT c9e2e75ef39e727477a517e50116a838
13-01-2006 13:03:21 DEFAULT Palatino_Roman.py looks like file
13-01-2006 13:03:21 DEFAULT 637d73a661240618860f3f7f46425f9a
13-01-2006 13:03:21 DEFAULT Symbol.py looks like file
13-01-2006 13:03:21 DEFAULT 322ec0774db1cc247a9863d98eb0bc20
13-01-2006 13:03:21 DEFAULT Times_Bold.py looks like file
13-01-2006 13:03:21 DEFAULT c0fd1b777d6d340df90f5294ab0dc859
13-01-2006 13:03:21 DEFAULT Times_BoldItalic.py looks like file
13-01-2006 13:03:21 DEFAULT 84b2602c04118831c9a669190e04eea5
13-01-2006 13:03:21 DEFAULT Times_Italic.py looks like file
13-01-2006 13:03:21 DEFAULT 2cfd538f12247339a46738bd377720c5
13-01-2006 13:03:21 DEFAULT Times_Roman.py looks like file
13-01-2006 13:03:21 DEFAULT b1f126174dfac5c9cec9d130be46c39d
13-01-2006 13:03:21 DEFAULT Utopia_Bold.py looks like file
13-01-2006 13:03:21 DEFAULT 91af3bb69c88a106ed24fbb10728c2c0
13-01-2006 13:03:21 DEFAULT Utopia_BoldItalic.py looks like file
13-01-2006 13:03:21 DEFAULT cccb7de8b2ce7f9e55179d3bc621d9e6
13-01-2006 13:03:21 DEFAULT Utopia_Italic.py looks like file
13-01-2006 13:03:21 DEFAULT ddce27fd8eaeec89b17637bd29270ca8
13-01-2006 13:03:21 DEFAULT Utopia_Regular.py looks like file
13-01-2006 13:03:21 DEFAULT 49a702e9cb7c73af00343ba589973c94
13-01-2006 13:03:21 DEFAULT ZapfChancery_MediumItalic.py looks like file
13-01-2006 13:03:21 DEFAULT 05aea7fb7b82527130570600428cb04b
13-01-2006 13:03:21 DEFAULT ZapfDingbats.py looks like file
13-01-2006 13:03:21 DEFAULT 708a4c36cd4fa4b899c8f42de6c1553c
13-01-2006 13:03:21 DEFAULT __init__.py looks like file
13-01-2006 13:03:21 DEFAULT 2eaaa20bafda112364f7dae052638624
13-01-2006 13:03:21 DEFAULT Going to D:\stuff\PyChart-1.39\build\lib\pychart\*
13-01-2006 13:03:21 DEFAULT [D:\stuff\PyChart-1.39\build\lib\pychart\*] Skipping . and ..
13-01-2006 13:03:21 DEFAULT afm is directory
13-01-2006 13:03:21 DEFAULT area.py looks like file
13-01-2006 13:03:21 DEFAULT e5c21c56ce584cb7b70eb04173ed42bd
13-01-2006 13:03:21 DEFAULT area_doc.py looks like file
13-01-2006 13:03:21 DEFAULT bb851daf197f3629978883305db0e02a
13-01-2006 13:03:21 DEFAULT arrow.py looks like file
13-01-2006 13:03:21 DEFAULT 860c608b030d881e2904b7bdacdd8dd1
13-01-2006 13:03:21 DEFAULT arrow_doc.py looks like file
13-01-2006 13:03:21 DEFAULT bb851daf197f3629978883305db0e02a
13-01-2006 13:03:21 DEFAULT axis.py looks like file
13-01-2006 13:03:21 DEFAULT d1e7ef25cba965a11936f5261775eb29
13-01-2006 13:03:21 DEFAULT axis_doc.py looks like file
13-01-2006 13:03:21 DEFAULT 297eb447309823c05047ffc8a720cca4
13-01-2006 13:03:21 DEFAULT axis_x_doc.py looks like file
13-01-2006 13:03:21 DEFAULT 4094e0f368b29bc16ee1f4b1089087d6
13-01-2006 13:03:21 DEFAULT axis_y_doc.py looks like file
13-01-2006 13:03:21 DEFAULT ff4638ebb0bdcb6122073137ffe4e78f
13-01-2006 13:03:21 DEFAULT bar_plot.py looks like file
13-01-2006 13:03:21 DEFAULT 88a3c7d015cf8587a69f2f64cecc2649
13-01-2006 13:03:21 DEFAULT bar_plot_doc.py looks like file
13-01-2006 13:03:21 DEFAULT bb851daf197f3629978883305db0e02a
13-01-2006 13:03:21 DEFAULT basecanvas.py looks like file
13-01-2006 13:03:21 DEFAULT 1186fcb808442c434126c9b1836bc4e1
13-01-2006 13:03:21 DEFAULT canvas.py looks like file
13-01-2006 13:03:21 DEFAULT ff8bbfe4efe506451a8ee5c75c10a307
13-01-2006 13:03:21 DEFAULT category_coord.py looks like file
13-01-2006 13:03:21 DEFAULT 27e5b24442390e2d24f6e613cfccea83
13-01-2006 13:03:21 DEFAULT chart_data.py looks like file
13-01-2006 13:03:21 DEFAULT ac779dd112961d52bd8d414bd50aae70
13-01-2006 13:03:21 DEFAULT chart_object.py looks like file
13-01-2006 13:03:21 DEFAULT cb0601bfbbe4233b88da53c6fc6931e6
13-01-2006 13:03:21 DEFAULT color.py looks like file
13-01-2006 13:03:21 DEFAULT e97f1151dc59c5d55d6b023e58d1b818
13-01-2006 13:03:21 DEFAULT color_doc.py looks like file
13-01-2006 13:03:21 DEFAULT bb851daf197f3629978883305db0e02a
13-01-2006 13:03:21 DEFAULT coord.py looks like file
13-01-2006 13:03:21 DEFAULT 051a5147d6aef424440db68c692ef552
13-01-2006 13:03:21 DEFAULT doc_support.py looks like file
13-01-2006 13:03:21 DEFAULT b55882b633ff36239f76763ca203912a
13-01-2006 13:03:21 DEFAULT empty_docs.py looks like file
13-01-2006 13:03:21 DEFAULT 61f4a56987a5b64e747d5484a9b550ba
13-01-2006 13:03:21 DEFAULT error_bar.py looks like file
13-01-2006 13:03:21 DEFAULT 560193d4df8e01355bba65cc334bc26f
13-01-2006 13:03:21 DEFAULT error_bar_doc.py looks like file
13-01-2006 13:03:21 DEFAULT 9d0403548ab2b72cef9ae6dc87fb1cc4
13-01-2006 13:03:21 DEFAULT fill_style.py looks like file
13-01-2006 13:03:21 DEFAULT 093a6051e38fd11565743bdfa2b67d55
13-01-2006 13:03:21 DEFAULT fill_style_doc.py looks like file
13-01-2006 13:03:21 DEFAULT bb851daf197f3629978883305db0e02a
13-01-2006 13:03:21 DEFAULT font.py looks like file
13-01-2006 13:03:21 DEFAULT 224d48a329285d41329fcea3a6d68222
13-01-2006 13:03:21 DEFAULT generate_docs.py looks like file
13-01-2006 13:03:21 DEFAULT 0e7910e1a303d6143b6258f2dcee21fa
13-01-2006 13:03:21 DEFAULT gs_frontend.py looks like file
13-01-2006 13:03:21 DEFAULT fd0ea3084689deee4a0bd1443f264bc6
13-01-2006 13:03:21 DEFAULT interval_bar_plot.py looks like file
13-01-2006 13:03:21 DEFAULT 94b684ef03aa91d16fb3e82aaf818276
13-01-2006 13:03:21 DEFAULT legend.py looks like file
13-01-2006 13:03:21 DEFAULT 5b4c99c77c6c6924967361157dd4e3a9
13-01-2006 13:03:21 DEFAULT legend_doc.py looks like file
13-01-2006 13:03:21 DEFAULT 3454b5c0a67a9d4c25d172adf3198178
13-01-2006 13:03:21 DEFAULT linear_coord.py looks like file
13-01-2006 13:03:21 DEFAULT 1a050097e6ae94b104bba3435e0de884
13-01-2006 13:03:21 DEFAULT line_plot.py looks like file
13-01-2006 13:03:21 DEFAULT e35698ff234c10e5de11e05115d46cfc
13-01-2006 13:03:21 DEFAULT line_plot_doc.py looks like file
13-01-2006 13:03:21 DEFAULT bb851daf197f3629978883305db0e02a
13-01-2006 13:03:21 DEFAULT line_style.py looks like file
13-01-2006 13:03:21 DEFAULT 7f5d0b61c82b74a0eb0dd9449de35c1e
13-01-2006 13:03:21 DEFAULT line_style_doc.py looks like file
13-01-2006 13:03:21 DEFAULT bb851daf197f3629978883305db0e02a
13-01-2006 13:03:21 DEFAULT log_coord.py looks like file
13-01-2006 13:03:21 DEFAULT 5b54dbc1605640213be9ec72552730be
13-01-2006 13:03:21 DEFAULT object_set.py looks like file
13-01-2006 13:03:21 DEFAULT 55e602f8cd967daed3be48d691188817
13-01-2006 13:03:21 DEFAULT pdfcanvas.py looks like file
13-01-2006 13:03:21 DEFAULT c3ecf589e7082f607825177c54679efc
13-01-2006 13:03:21 DEFAULT pie_plot.py looks like file
13-01-2006 13:03:21 DEFAULT d159cee20d34a3eb2323bf7f064fe915
13-01-2006 13:03:21 DEFAULT pie_plot_doc.py looks like file
13-01-2006 13:03:21 DEFAULT bb851daf197f3629978883305db0e02a
13-01-2006 13:03:21 DEFAULT pngcanvas.py looks like file
13-01-2006 13:03:21 DEFAULT 48170795d07679ed2f3f5a0ab555746d
13-01-2006 13:03:21 DEFAULT pscanvas.py looks like file
13-01-2006 13:03:21 DEFAULT f258b1d282b510e1bcdd4c1be397f708
13-01-2006 13:03:21 DEFAULT pychart_types.py looks like file
13-01-2006 13:03:21 DEFAULT 4489a272bcfdf58b12bea880372014e5
13-01-2006 13:03:21 DEFAULT pychart_util.py looks like file
13-01-2006 13:03:21 DEFAULT eb53c12031fa5c9d9446c2f7a57d2257
13-01-2006 13:03:21 DEFAULT range_plot.py looks like file
13-01-2006 13:03:21 DEFAULT b8934426a586bb3cfbf37140463e6ab3
13-01-2006 13:03:21 DEFAULT range_plot_doc.py looks like file
13-01-2006 13:03:21 DEFAULT bb851daf197f3629978883305db0e02a
13-01-2006 13:03:21 DEFAULT rose_plot.py looks like file
13-01-2006 13:03:21 DEFAULT 19deee895a95bc1b1cb755f1d3c93706
13-01-2006 13:03:21 DEFAULT scaling.py looks like file
13-01-2006 13:03:21 DEFAULT 8205941ce4b37ff02076c77c9e65af87
13-01-2006 13:03:21 DEFAULT svgcanvas.py looks like file
13-01-2006 13:03:21 DEFAULT 7e31eb47ff71766cf99818fe7072199a
13-01-2006 13:03:21 DEFAULT text_box.py looks like file
13-01-2006 13:03:21 DEFAULT 8ac52628456439265b29ffc5d8add102
13-01-2006 13:03:21 DEFAULT text_box_doc.py looks like file
13-01-2006 13:03:21 DEFAULT bb851daf197f3629978883305db0e02a
13-01-2006 13:03:21 DEFAULT theme.py looks like file
13-01-2006 13:03:21 DEFAULT 0b2c1b299b40f27954bcf40ae390f287
13-01-2006 13:03:21 DEFAULT tick_mark.py looks like file
13-01-2006 13:03:21 DEFAULT bb092b84ca82bfdc0cbc4c25bdd2b49e
13-01-2006 13:03:21 DEFAULT tick_mark_doc.py looks like file
13-01-2006 13:03:21 DEFAULT bb851daf197f3629978883305db0e02a
13-01-2006 13:03:21 DEFAULT typechecker.py looks like file
13-01-2006 13:03:21 DEFAULT 7a48010f40a3ce5f0e974191c3a4657a
13-01-2006 13:03:21 DEFAULT version.py looks like file
13-01-2006 13:03:21 DEFAULT 043549bed53112b3f1b21a54e380f7d9
13-01-2006 13:03:21 DEFAULT x11canvas.py looks like file
13-01-2006 13:03:21 DEFAULT 385a7ab2ec2a0b803069f2867ecae3ee
13-01-2006 13:03:21 DEFAULT zap.py looks like file
13-01-2006 13:03:21 DEFAULT 512e3862d7dff58348dbd77cb02d296e
13-01-2006 13:03:21 DEFAULT __init__.py looks like file
13-01-2006 13:03:21 DEFAULT 8b2b667b6b28a718bd1f0d98c41b12d0
13-01-2006 13:03:21 DEFAULT Going to D:\stuff\PyChart-1.39\build\lib\pychart\afm\*
13-01-2006 13:03:21 DEFAULT [D:\stuff\PyChart-1.39\build\lib\pychart\afm\*] Skipping . and ..
13-01-2006 13:03:21 DEFAULT AvantGarde_Book.py looks like file
13-01-2006 13:03:21 DEFAULT d770b79fc7398f1cafb367923f61d803
13-01-2006 13:03:21 DEFAULT AvantGarde_BookOblique.py looks like file
13-01-2006 13:03:21 DEFAULT 7f3ad759a4ff8955ff13df52292d9576
13-01-2006 13:03:21 DEFAULT AvantGarde_Demi.py looks like file
13-01-2006 13:03:21 DEFAULT 5e6b43b68a36532ec6571eaaba3be8ea
13-01-2006 13:03:21 DEFAULT AvantGarde_DemiOblique.py looks like file
13-01-2006 13:03:21 DEFAULT a4048e860a5dc739b445a7f196ccae87
13-01-2006 13:03:21 DEFAULT Bookman_Demi.py looks like file
13-01-2006 13:03:21 DEFAULT 3840825cfcef7c9835f3de6fdd0ecae3
13-01-2006 13:03:21 DEFAULT Bookman_DemiItalic.py looks like file
13-01-2006 13:03:21 DEFAULT 2f574b96d1a43d126542f1a1829922b2
13-01-2006 13:03:21 DEFAULT Bookman_Light.py looks like file
13-01-2006 13:03:21 DEFAULT b6b56fe90d81be15bf49588a7f4c204c
13-01-2006 13:03:21 DEFAULT Bookman_LightItalic.py looks like file
13-01-2006 13:03:21 DEFAULT c2c7d15f81db6c5d19830815a8b550cb
13-01-2006 13:03:21 DEFAULT Courier.py looks like file
13-01-2006 13:03:21 DEFAULT 998eed94c025b55cf32b5787a6be098b
13-01-2006 13:03:21 DEFAULT Courier_Bold.py looks like file
13-01-2006 13:03:21 DEFAULT 329ee0965585d985accf262b2a4662e3
13-01-2006 13:03:21 DEFAULT Courier_BoldOblique.py looks like file
13-01-2006 13:03:21 DEFAULT 904785ce18d4e74b4cf75b8bc7cbda75
13-01-2006 13:03:21 DEFAULT Courier_Oblique.py looks like file
13-01-2006 13:03:21 DEFAULT 87e6bbf169fa802b1cdbc1ea16e70c20
13-01-2006 13:03:21 DEFAULT dir.py looks like file
13-01-2006 13:03:21 DEFAULT f5b26754fa02afaeb6a36f8e16d8d119
13-01-2006 13:03:21 DEFAULT Helvetica.py looks like file
13-01-2006 13:03:21 DEFAULT fa6ab16b2c346bbbf38f416aea0887d3
13-01-2006 13:03:21 DEFAULT Helvetica_Bold.py looks like file
13-01-2006 13:03:21 DEFAULT c8e1c7f66875d867388e5cef08c03275
13-01-2006 13:03:21 DEFAULT Helvetica_BoldOblique.py looks like file
13-01-2006 13:03:21 DEFAULT f2317959284ca1b8c10bb74e6f325a4c
13-01-2006 13:03:21 DEFAULT Helvetica_Light.py looks like file
13-01-2006 13:03:21 DEFAULT 6952962babb9e3bdefb4e065c031e1ed
13-01-2006 13:03:21 DEFAULT Helvetica_LightOblique.py looks like file
13-01-2006 13:03:21 DEFAULT 3945faa7cffba698b321d7c969509f11
13-01-2006 13:03:21 DEFAULT Helvetica_Narrow.py looks like file
13-01-2006 13:03:21 DEFAULT c2890887fa226e98314f863f1b59d335
13-01-2006 13:03:21 DEFAULT Helvetica_Narrow_Bold.py looks like file
13-01-2006 13:03:21 DEFAULT 6bd389ef10ffdcc4659104187837b2cd
13-01-2006 13:03:21 DEFAULT Helvetica_Narrow_BoldOblique.py looks like file
13-01-2006 13:03:21 DEFAULT f640fc23491a028157478e1d65fb64d5
13-01-2006 13:03:21 DEFAULT Helvetica_Narrow_Oblique.py looks like file
13-01-2006 13:03:21 DEFAULT 7e74027f9eb7148e6a117cd7997bd719
13-01-2006 13:03:21 DEFAULT Helvetica_Oblique.py looks like file
13-01-2006 13:03:21 DEFAULT b0d8f437c3076ebd4b146a7233ec6466
13-01-2006 13:03:21 DEFAULT NewCenturySchlbk_Bold.py looks like file
13-01-2006 13:03:21 DEFAULT f8c5c8090457bbab9aa72c1aacde08f4
13-01-2006 13:03:21 DEFAULT NewCenturySchlbk_BoldItalic.py looks like file
13-01-2006 13:03:21 DEFAULT 5f5fbb9ac85666b3ce68cd960ebd4e2a
13-01-2006 13:03:21 DEFAULT NewCenturySchlbk_Italic.py looks like file
13-01-2006 13:03:21 DEFAULT 8339b8bbe797dcf3190736a0e694bcea
13-01-2006 13:03:21 DEFAULT NewCenturySchlbk_Roman.py looks like file
13-01-2006 13:03:21 DEFAULT aa832334239c0df0a4ef3e5a42c12256
13-01-2006 13:03:21 DEFAULT Palatino_Bold.py looks like file
13-01-2006 13:03:21 DEFAULT 1e2c2411b6674861f686f8ce912ffb72
13-01-2006 13:03:21 DEFAULT Palatino_BoldItalic.py looks like file
13-01-2006 13:03:21 DEFAULT aae11a87bb23916f9d7c1e370ba03b9c
13-01-2006 13:03:21 DEFAULT Palatino_Italic.py looks like file
13-01-2006 13:03:21 DEFAULT c9e2e75ef39e727477a517e50116a838
13-01-2006 13:03:21 DEFAULT Palatino_Roman.py looks like file
13-01-2006 13:03:21 DEFAULT 637d73a661240618860f3f7f46425f9a
13-01-2006 13:03:21 DEFAULT Symbol.py looks like file
13-01-2006 13:03:21 DEFAULT 322ec0774db1cc247a9863d98eb0bc20
13-01-2006 13:03:21 DEFAULT Times_Bold.py looks like file
13-01-2006 13:03:21 DEFAULT c0fd1b777d6d340df90f5294ab0dc859
13-01-2006 13:03:21 DEFAULT Times_BoldItalic.py looks like file
13-01-2006 13:03:21 DEFAULT 84b2602c04118831c9a669190e04eea5
13-01-2006 13:03:21 DEFAULT Times_Italic.py looks like file
13-01-2006 13:03:21 DEFAULT 2cfd538f12247339a46738bd377720c5
13-01-2006 13:03:21 DEFAULT Times_Roman.py looks like file
13-01-2006 13:03:21 DEFAULT b1f126174dfac5c9cec9d130be46c39d
13-01-2006 13:03:21 DEFAULT Utopia_Bold.py looks like file
13-01-2006 13:03:21 DEFAULT 91af3bb69c88a106ed24fbb10728c2c0
13-01-2006 13:03:21 DEFAULT Utopia_BoldItalic.py looks like file
13-01-2006 13:03:21 DEFAULT cccb7de8b2ce7f9e55179d3bc621d9e6
13-01-2006 13:03:21 DEFAULT Utopia_Italic.py looks like file
13-01-2006 13:03:21 DEFAULT ddce27fd8eaeec89b17637bd29270ca8
13-01-2006 13:03:21 DEFAULT Utopia_Regular.py looks like file
13-01-2006 13:03:21 DEFAULT 49a702e9cb7c73af00343ba589973c94
13-01-2006 13:03:21 DEFAULT ZapfChancery_MediumItalic.py looks like file
13-01-2006 13:03:21 DEFAULT 05aea7fb7b82527130570600428cb04b
13-01-2006 13:03:21 DEFAULT ZapfDingbats.py looks like file
13-01-2006 13:03:21 DEFAULT 708a4c36cd4fa4b899c8f42de6c1553c
13-01-2006 13:03:21 DEFAULT __init__.py looks like file
13-01-2006 13:03:21 DEFAULT 2eaaa20bafda112364f7dae052638624
13-01-2006 13:03:21 DEFAULT Scan is done

13-01-2006 13:03:32 DEFAULT Done
13-01-2006 13:03:32 DEFAULT Log closed

13-01-2006 13:04:04 DEFAULT Log started
13-01-2006 13:04:06 DEFAULT 
Cur dir: D:\stuff
13-01-2006 13:04:18 DEFAULT Going to D:\stuff\*
